  [1m[35m (311.4ms)[0m  [1m[35mCREATE DATABASE "RedditClone_development" ENCODING = 'unicode'[0m
  [1m[35m (237.4ms)[0m  [1m[35mCREATE DATABASE "RedditClone_test" ENCODING = 'unicode'[0m
  [1m[35m (5.0ms)[0m  [1m[35mCREATE TABLE "schema_migrations" ("version" character varying NOT NULL PRIMARY KEY)[0m
  [1m[35m (3.3ms)[0m  [1m[35mCREATE TABLE "ar_internal_metadata" ("key" character varying NOT NULL PRIMARY KEY, "value" character varying, "created_at" timestamp(6) NOT NULL, "updated_at" timestamp(6) NOT NULL)[0m
  [1m[35m (0.1ms)[0m  [1m[34mSELECT pg_try_advisory_lock(6711173107426626090)[0m
  [1m[36mActiveRecord::SchemaMigration Pluck (0.4ms)[0m  [1m[34mSELECT "schema_migrations"."version" FROM "schema_migrations" ORDER BY "schema_migrations"."version" ASC[0m
Migrating to CreateUsers (20230224154945)
  [1m[36mTRANSACTION (0.2ms)[0m  [1m[35mBEGIN[0m
  [1m[35m (4.1ms)[0m  [1m[35mCREATE TABLE "users" ("id" bigserial primary key, "username" character varying NOT NULL, "password_digest" character varying NOT NULL, "session_token" character varying NOT NULL, "created_at" timestamp(6) NOT NULL, "updated_at" timestamp(6) NOT NULL)[0m
  [1m[35m (2.1ms)[0m  [1m[35mCREATE UNIQUE INDEX "index_users_on_username" ON "users" ("username")[0m
  [1m[35m (1.4ms)[0m  [1m[35mCREATE UNIQUE INDEX "index_users_on_session_token" ON "users" ("session_token")[0m
  [1m[36mActiveRecord::SchemaMigration Create (0.3ms)[0m  [1m[32mINSERT INTO "schema_migrations" ("version") VALUES ($1) RETURNING "version"[0m  [["version", "20230224154945"]]
  [1m[36mTRANSACTION (1.0ms)[0m  [1m[35mCOMMIT[0m
  [1m[36mActiveRecord::InternalMetadata Load (0.3ms)[0m  [1m[34mSELECT "ar_internal_metadata".* FROM "ar_internal_metadata" WHERE "ar_internal_metadata"."key" = $1 LIMIT $2[0m  [["key", "environment"], ["LIMIT", 1]]
  [1m[36mTRANSACTION (0.2ms)[0m  [1m[35mBEGIN[0m
  [1m[36mActiveRecord::InternalMetadata Create (0.4ms)[0m  [1m[32mINSERT INTO "ar_internal_metadata" ("key", "value", "created_at", "updated_at") VALUES ($1, $2, $3, $4) RETURNING "key"[0m  [["key", "environment"], ["value", "development"], ["created_at", "2023-02-24 15:51:50.592226"], ["updated_at", "2023-02-24 15:51:50.592226"]]
  [1m[36mTRANSACTION (0.7ms)[0m  [1m[35mCOMMIT[0m
  [1m[35m (0.3ms)[0m  [1m[34mSELECT pg_advisory_unlock(6711173107426626090)[0m
  [1m[36mActiveRecord::SchemaMigration Pluck (0.2ms)[0m  [1m[34mSELECT "schema_migrations"."version" FROM "schema_migrations" ORDER BY "schema_migrations"."version" ASC[0m
  [1m[36mActiveRecord::SchemaMigration Pluck (0.3ms)[0m  [1m[34mSELECT "schema_migrations"."version" FROM "schema_migrations" ORDER BY "schema_migrations"."version" ASC[0m
  [1m[35m (138.2ms)[0m  [1m[35mCREATE DATABASE "RedditClone_development" ENCODING = 'unicode'[0m
  [1m[35m (90.2ms)[0m  [1m[35mCREATE DATABASE "RedditClone_test" ENCODING = 'unicode'[0m
  [1m[35m (4.8ms)[0m  [1m[35mCREATE TABLE "schema_migrations" ("version" character varying NOT NULL PRIMARY KEY)[0m
  [1m[35m (4.3ms)[0m  [1m[35mCREATE TABLE "ar_internal_metadata" ("key" character varying NOT NULL PRIMARY KEY, "value" character varying, "created_at" timestamp(6) NOT NULL, "updated_at" timestamp(6) NOT NULL)[0m
  [1m[35m (0.2ms)[0m  [1m[34mSELECT pg_try_advisory_lock(6711173107426626090)[0m
  [1m[36mActiveRecord::SchemaMigration Pluck (0.4ms)[0m  [1m[34mSELECT "schema_migrations"."version" FROM "schema_migrations" ORDER BY "schema_migrations"."version" ASC[0m
Migrating to CreateUsers (20230224154945)
  [1m[36mTRANSACTION (0.2ms)[0m  [1m[35mBEGIN[0m
  [1m[35m (3.3ms)[0m  [1m[35mCREATE TABLE "users" ("id" bigserial primary key, "username" character varying NOT NULL, "password_digest" character varying NOT NULL, "session_token" character varying NOT NULL, "created_at" timestamp(6) NOT NULL, "updated_at" timestamp(6) NOT NULL)[0m
  [1m[35m (0.8ms)[0m  [1m[35mCREATE UNIQUE INDEX "index_users_on_username" ON "users" ("username")[0m
  [1m[35m (0.8ms)[0m  [1m[35mCREATE UNIQUE INDEX "index_users_on_session_token" ON "users" ("session_token")[0m
  [1m[36mActiveRecord::SchemaMigration Create (0.5ms)[0m  [1m[32mINSERT INTO "schema_migrations" ("version") VALUES ($1) RETURNING "version"[0m  [["version", "20230224154945"]]
  [1m[36mTRANSACTION (0.4ms)[0m  [1m[35mCOMMIT[0m
  [1m[36mActiveRecord::InternalMetadata Load (0.3ms)[0m  [1m[34mSELECT "ar_internal_metadata".* FROM "ar_internal_metadata" WHERE "ar_internal_metadata"."key" = $1 LIMIT $2[0m  [["key", "environment"], ["LIMIT", 1]]
  [1m[36mTRANSACTION (0.2ms)[0m  [1m[35mBEGIN[0m
  [1m[36mActiveRecord::InternalMetadata Create (0.5ms)[0m  [1m[32mINSERT INTO "ar_internal_metadata" ("key", "value", "created_at", "updated_at") VALUES ($1, $2, $3, $4) RETURNING "key"[0m  [["key", "environment"], ["value", "development"], ["created_at", "2023-02-24 16:09:38.010008"], ["updated_at", "2023-02-24 16:09:38.010008"]]
  [1m[36mTRANSACTION (0.3ms)[0m  [1m[35mCOMMIT[0m
  [1m[35m (0.2ms)[0m  [1m[34mSELECT pg_advisory_unlock(6711173107426626090)[0m
  [1m[36mActiveRecord::SchemaMigration Pluck (0.8ms)[0m  [1m[34mSELECT "schema_migrations"."version" FROM "schema_migrations" ORDER BY "schema_migrations"."version" ASC[0m
  [1m[36mTRANSACTION (0.3ms)[0m  [1m[35mBEGIN[0m
  [1m[36mUser Exists? (0.8ms)[0m  [1m[34mSELECT 1 AS one FROM "users" WHERE "users"."session_token" = $1 LIMIT $2[0m  [["session_token", "[FILTERED]"], ["LIMIT", 1]]
  [1m[36mUser Exists? (0.3ms)[0m  [1m[34mSELECT 1 AS one FROM "users" WHERE "users"."username" IS NULL LIMIT $1[0m  [["LIMIT", 1]]
  [1m[36mUser Exists? (0.3ms)[0m  [1m[34mSELECT 1 AS one FROM "users" WHERE "users"."session_token" = $1 LIMIT $2[0m  [["session_token", "[FILTERED]"], ["LIMIT", 1]]
  [1m[36mTRANSACTION (0.2ms)[0m  [1m[31mROLLBACK[0m
  [1m[36mTRANSACTION (0.1ms)[0m  [1m[35mBEGIN[0m
  [1m[36mUser Exists? (0.2ms)[0m  [1m[34mSELECT 1 AS one FROM "users" WHERE "users"."session_token" = $1 LIMIT $2[0m  [["session_token", "[FILTERED]"], ["LIMIT", 1]]
  [1m[36mUser Exists? (0.2ms)[0m  [1m[34mSELECT 1 AS one FROM "users" WHERE "users"."username" = $1 LIMIT $2[0m  [["username", "dan"], ["LIMIT", 1]]
  [1m[36mUser Exists? (0.1ms)[0m  [1m[34mSELECT 1 AS one FROM "users" WHERE "users"."session_token" = $1 LIMIT $2[0m  [["session_token", "[FILTERED]"], ["LIMIT", 1]]
  [1m[36mUser Create (0.6ms)[0m  [1m[32mINSERT INTO "users" ("username", "password_digest", "session_token", "created_at", "updated_at") VALUES ($1, $2, $3, $4, $5) RETURNING "id"[0m  [["username", "dan"], ["password_digest", "[FILTERED]"], ["session_token", "[FILTERED]"], ["created_at", "2023-02-24 16:14:46.498117"], ["updated_at", "2023-02-24 16:14:46.498117"]]
  [1m[36mTRANSACTION (0.5ms)[0m  [1m[35mCOMMIT[0m
  [1m[36mTRANSACTION (0.2ms)[0m  [1m[35mBEGIN[0m
  [1m[36mUser Exists? (0.4ms)[0m  [1m[34mSELECT 1 AS one FROM "users" WHERE "users"."session_token" = $1 LIMIT $2[0m  [["session_token", "[FILTERED]"], ["LIMIT", 1]]
  [1m[36mUser Exists? (0.7ms)[0m  [1m[34mSELECT 1 AS one FROM "users" WHERE "users"."username" = $1 LIMIT $2[0m  [["username", "dan"], ["LIMIT", 1]]
  [1m[36mUser Exists? (0.9ms)[0m  [1m[34mSELECT 1 AS one FROM "users" WHERE "users"."session_token" = $1 LIMIT $2[0m  [["session_token", "[FILTERED]"], ["LIMIT", 1]]
  [1m[36mTRANSACTION (0.2ms)[0m  [1m[31mROLLBACK[0m
  [1m[36mTRANSACTION (2.5ms)[0m  [1m[35mBEGIN[0m
  [1m[36mUser Exists? (0.3ms)[0m  [1m[34mSELECT 1 AS one FROM "users" WHERE "users"."session_token" = $1 LIMIT $2[0m  [["session_token", "[FILTERED]"], ["LIMIT", 1]]
  [1m[36mUser Exists? (0.4ms)[0m  [1m[34mSELECT 1 AS one FROM "users" WHERE "users"."username" = $1 LIMIT $2[0m  [["username", "Dan"], ["LIMIT", 1]]
  [1m[36mUser Exists? (2.3ms)[0m  [1m[34mSELECT 1 AS one FROM "users" WHERE "users"."session_token" = $1 LIMIT $2[0m  [["session_token", "[FILTERED]"], ["LIMIT", 1]]
  [1m[36mUser Create (0.4ms)[0m  [1m[32mINSERT INTO "users" ("username", "password_digest", "session_token", "created_at", "updated_at") VALUES ($1, $2, $3, $4, $5) RETURNING "id"[0m  [["username", "Dan"], ["password_digest", "[FILTERED]"], ["session_token", "[FILTERED]"], ["created_at", "2023-02-24 16:16:47.120019"], ["updated_at", "2023-02-24 16:16:47.120019"]]
  [1m[36mTRANSACTION (0.4ms)[0m  [1m[35mCOMMIT[0m
Started GET "/" for 127.0.0.1 at 2023-02-24 13:41:30 -0500
  [1m[36mActiveRecord::SchemaMigration Pluck (0.6ms)[0m  [1m[34mSELECT "schema_migrations"."version" FROM "schema_migrations" ORDER BY "schema_migrations"."version" ASC[0m
Processing by Rails::WelcomeController#index as HTML
  Rendering /Users/danholodak/.rbenv/versions/3.1.1/lib/ruby/gems/3.1.0/gems/railties-7.0.4.2/lib/rails/templates/rails/welcome/index.html.erb
  Rendered /Users/danholodak/.rbenv/versions/3.1.1/lib/ruby/gems/3.1.0/gems/railties-7.0.4.2/lib/rails/templates/rails/welcome/index.html.erb (Duration: 1.9ms | Allocations: 526)
Completed 200 OK in 10ms (Views: 5.7ms | ActiveRecord: 0.0ms | Allocations: 2809)


Started GET "/users/" for 127.0.0.1 at 2023-02-24 13:41:36 -0500
Processing by UsersController#index as HTML
  Rendering layout layouts/application.html.erb
  Rendering users/index.html.erb within layouts/application
  [1m[36mUser Load (0.8ms)[0m  [1m[34mSELECT "users".* FROM "users"[0m
  ↳ app/views/users/index.html.erb:4
  Rendered users/index.html.erb within layouts/application (Duration: 13.1ms | Allocations: 5452)
  Rendered layout layouts/application.html.erb (Duration: 35.8ms | Allocations: 12032)
Completed 200 OK in 40ms (Views: 32.8ms | ActiveRecord: 4.6ms | Allocations: 13941)


Started GET "/users/1" for 127.0.0.1 at 2023-02-24 13:41:44 -0500
Processing by UsersController#show as HTML
  Parameters: {"id"=>"1"}
  [1m[36mUser Load (0.2ms)[0m  [1m[34mSELECT "users".* FROM "users" WHERE "users"."id" = $1 LIMIT $2[0m  [["id", 1], ["LIMIT", 1]]
  ↳ app/controllers/users_controller.rb:32:in `show'
  Rendering layout layouts/application.html.erb
  Rendering users/show.html.erb within layouts/application
  Rendered users/show.html.erb within layouts/application (Duration: 0.3ms | Allocations: 143)
  Rendered layout layouts/application.html.erb (Duration: 2.6ms | Allocations: 1507)
Completed 200 OK in 9ms (Views: 3.7ms | ActiveRecord: 0.4ms | Allocations: 5355)


Started GET "/users/new" for 127.0.0.1 at 2023-02-24 13:42:07 -0500
Processing by UsersController#new as HTML
  Rendering layout layouts/application.html.erb
  Rendering users/new.html.erb within layouts/application
  Rendered shared/_form.html.erb (Duration: 3.3ms | Allocations: 2532)
  Rendered users/new.html.erb within layouts/application (Duration: 4.0ms | Allocations: 2784)
  Rendered layout layouts/application.html.erb (Duration: 4.2ms | Allocations: 2865)
Completed 500 Internal Server Error in 5ms (ActiveRecord: 0.0ms | Allocations: 3191)



ArgumentError - wrong number of arguments (given 0, expected 1):
  app/views/shared/_form.html.erb:1
  app/views/users/new.html.erb:3
  app/controllers/users_controller.rb:24:in `new'

Started POST "/__better_errors/bcbe36fb4b744900/variables" for 127.0.0.1 at 2023-02-24 13:42:08 -0500
Started GET "/users/new" for 127.0.0.1 at 2023-02-24 13:43:51 -0500
Processing by UsersController#new as HTML
  Rendering layout layouts/application.html.erb
  Rendering users/new.html.erb within layouts/application
  Rendered shared/_form.html.erb (Duration: 9.1ms | Allocations: 5600)
  Rendered users/new.html.erb within layouts/application (Duration: 9.9ms | Allocations: 5851)
  Rendered layout layouts/application.html.erb (Duration: 10.1ms | Allocations: 5936)
Completed 500 Internal Server Error in 12ms (ActiveRecord: 0.0ms | Allocations: 6646)



NameError - undefined local variable or method `action_url' for #<ActionView::Base:0x00000000004920>
Did you mean?  audio_url:
  app/views/shared/_form.html.erb:2
  app/views/users/new.html.erb:3
  app/controllers/users_controller.rb:24:in `new'

Started POST "/__better_errors/f8d07f89c2ee2af1/variables" for 127.0.0.1 at 2023-02-24 13:43:51 -0500
Started POST "/__better_errors/f8d07f89c2ee2af1/variables" for 127.0.0.1 at 2023-02-24 13:44:54 -0500
Started GET "/users/new" for 127.0.0.1 at 2023-02-24 13:44:59 -0500
Processing by UsersController#new as HTML
  Rendering layout layouts/application.html.erb
  Rendering users/new.html.erb within layouts/application
  Rendered shared/_form.html.erb (Duration: 1.2ms | Allocations: 619)
  Rendered users/new.html.erb within layouts/application (Duration: 2.2ms | Allocations: 863)
  Rendered layout layouts/application.html.erb (Duration: 4.3ms | Allocations: 2153)
Completed 200 OK in 6ms (Views: 6.0ms | ActiveRecord: 0.0ms | Allocations: 2899)


Started GET "/users/new" for 127.0.0.1 at 2023-02-24 13:45:39 -0500
Processing by UsersController#new as HTML
  Rendering layout layouts/application.html.erb
  Rendering users/new.html.erb within layouts/application
  Rendered shared/_form.html.erb (Duration: 1.0ms | Allocations: 577)
  Rendered users/new.html.erb within layouts/application (Duration: 1.7ms | Allocations: 823)
  Rendered layout layouts/application.html.erb (Duration: 3.9ms | Allocations: 2106)
Completed 200 OK in 6ms (Views: 5.7ms | ActiveRecord: 0.0ms | Allocations: 2836)


Started POST "/users" for 127.0.0.1 at 2023-02-24 13:45:49 -0500
Processing by UsersController#create as HTML
  Parameters: {"authenticity_token"=>"[FILTERED]", "user"=>{"username"=>"milner", "password"=>"[FILTERED]"}}
Completed 500 Internal Server Error in 7ms (ActiveRecord: 0.0ms | Allocations: 3609)



NameError - undefined local variable or method `user_params' for #<UsersController:0x00000000004bc8>
        @user = User.new(user_params)
                         ^^^^^^^^^^^
Did you mean?  user_path:
  app/controllers/users_controller.rb:10:in `create'

Started POST "/__better_errors/57310a863299ef5b/variables" for 127.0.0.1 at 2023-02-24 13:45:49 -0500
Started POST "/users" for 127.0.0.1 at 2023-02-24 13:46:53 -0500
Processing by UsersController#create as HTML
  Parameters: {"authenticity_token"=>"[FILTERED]", "user"=>{"username"=>"milner", "password"=>"[FILTERED]"}}
  [1m[36mTRANSACTION (0.2ms)[0m  [1m[35mBEGIN[0m
  ↳ app/models/user.rb:41:in `generate_unique_session_token'
  [1m[36mUser Exists? (0.3ms)[0m  [1m[34mSELECT 1 AS one FROM "users" WHERE "users"."session_token" = $1 LIMIT $2[0m  [["session_token", "[FILTERED]"], ["LIMIT", 1]]
  ↳ app/models/user.rb:41:in `generate_unique_session_token'
  [1m[36mUser Exists? (0.2ms)[0m  [1m[34mSELECT 1 AS one FROM "users" WHERE "users"."username" = $1 LIMIT $2[0m  [["username", "milner"], ["LIMIT", 1]]
  ↳ app/controllers/users_controller.rb:12:in `create'
  [1m[36mCACHE User Exists? (0.0ms)[0m  [1m[34mSELECT 1 AS one FROM "users" WHERE "users"."session_token" = $1 LIMIT $2[0m  [["session_token", "[FILTERED]"], ["LIMIT", 1]]
  ↳ app/controllers/users_controller.rb:12:in `create'
  [1m[36mUser Create (0.5ms)[0m  [1m[32mINSERT INTO "users" ("username", "password_digest", "session_token", "created_at", "updated_at") VALUES ($1, $2, $3, $4, $5) RETURNING "id"[0m  [["username", "milner"], ["password_digest", "[FILTERED]"], ["session_token", "[FILTERED]"], ["created_at", "2023-02-24 18:46:54.146446"], ["updated_at", "2023-02-24 18:46:54.146446"]]
  ↳ app/controllers/users_controller.rb:12:in `create'
  [1m[36mTRANSACTION (0.7ms)[0m  [1m[35mCOMMIT[0m
  ↳ app/controllers/users_controller.rb:12:in `create'
  [1m[36mUser Exists? (0.2ms)[0m  [1m[34mSELECT 1 AS one FROM "users" WHERE "users"."session_token" = $1 LIMIT $2[0m  [["session_token", "[FILTERED]"], ["LIMIT", 1]]
  ↳ app/models/user.rb:41:in `generate_unique_session_token'
  [1m[36mTRANSACTION (0.1ms)[0m  [1m[35mBEGIN[0m
  ↳ app/models/user.rb:58:in `reset_session_token!'
  [1m[36mUser Exists? (0.3ms)[0m  [1m[34mSELECT 1 AS one FROM "users" WHERE "users"."username" = $1 AND "users"."id" != $2 LIMIT $3[0m  [["username", "milner"], ["id", 3], ["LIMIT", 1]]
  ↳ app/models/user.rb:58:in `reset_session_token!'
  [1m[36mUser Exists? (0.2ms)[0m  [1m[34mSELECT 1 AS one FROM "users" WHERE "users"."session_token" = $1 AND "users"."id" != $2 LIMIT $3[0m  [["session_token", "[FILTERED]"], ["id", 3], ["LIMIT", 1]]
  ↳ app/models/user.rb:58:in `reset_session_token!'
  [1m[36mUser Update (0.3ms)[0m  [1m[33mUPDATE "users" SET "session_token" = $1, "updated_at" = $2 WHERE "users"."id" = $3[0m  [["session_token", "[FILTERED]"], ["updated_at", "2023-02-24 18:46:54.155968"], ["id", 3]]
  ↳ app/models/user.rb:58:in `reset_session_token!'
  [1m[36mTRANSACTION (0.3ms)[0m  [1m[35mCOMMIT[0m
  ↳ app/models/user.rb:58:in `reset_session_token!'
Redirected to http://localhost:3000/users/3
Completed 302 Found in 215ms (ActiveRecord: 5.7ms | Allocations: 13199)


Started GET "/users/3" for 127.0.0.1 at 2023-02-24 13:46:54 -0500
Processing by UsersController#show as HTML
  Parameters: {"id"=>"3"}
  [1m[36mUser Load (0.2ms)[0m  [1m[34mSELECT "users".* FROM "users" WHERE "users"."id" = $1 LIMIT $2[0m  [["id", 3], ["LIMIT", 1]]
  ↳ app/controllers/users_controller.rb:32:in `show'
  Rendering layout layouts/application.html.erb
  Rendering users/show.html.erb within layouts/application
  Rendered users/show.html.erb within layouts/application (Duration: 0.4ms | Allocations: 141)
  Rendered layout layouts/application.html.erb (Duration: 2.5ms | Allocations: 1574)
Completed 200 OK in 6ms (Views: 3.6ms | ActiveRecord: 0.2ms | Allocations: 3522)


Started GET "/users/3" for 127.0.0.1 at 2023-02-24 13:55:47 -0500
Processing by UsersController#show as HTML
  Parameters: {"id"=>"3"}
  [1m[36mUser Load (0.5ms)[0m  [1m[34mSELECT "users".* FROM "users" WHERE "users"."id" = $1 LIMIT $2[0m  [["id", 3], ["LIMIT", 1]]
  ↳ app/controllers/users_controller.rb:32:in `show'
  Rendering layout layouts/application.html.erb
  Rendering users/show.html.erb within layouts/application
  Rendered users/show.html.erb within layouts/application (Duration: 0.5ms | Allocations: 141)
  [1m[36mUser Load (0.2ms)[0m  [1m[34mSELECT "users".* FROM "users" WHERE "users"."session_token" = $1 LIMIT $2[0m  [["session_token", "[FILTERED]"], ["LIMIT", 1]]
  ↳ app/controllers/application_controller.rb:8:in `current_user'
  Rendered layout layouts/application.html.erb (Duration: 15.2ms | Allocations: 7518)
Completed 500 Internal Server Error in 38ms (ActiveRecord: 10.4ms | Allocations: 11735)



NameError - undefined local variable or method `new_session_url' for #<ActionView::Base:0x00000000005be0>
Did you mean?  new_user_url:
  app/views/layouts/application.html.erb:20
  app/controllers/users_controller.rb:33:in `show'

Started POST "/__better_errors/3e7a1e6ad6024af3/variables" for 127.0.0.1 at 2023-02-24 13:55:47 -0500
Started GET "/users/3" for 127.0.0.1 at 2023-02-24 13:56:43 -0500
Processing by UsersController#show as HTML
  Parameters: {"id"=>"3"}
  [1m[36mUser Load (0.3ms)[0m  [1m[34mSELECT "users".* FROM "users" WHERE "users"."id" = $1 LIMIT $2[0m  [["id", 3], ["LIMIT", 1]]
  ↳ app/controllers/users_controller.rb:32:in `show'
  Rendering layout layouts/application.html.erb
  Rendering users/show.html.erb within layouts/application
  Rendered users/show.html.erb within layouts/application (Duration: 0.1ms | Allocations: 21)
  [1m[36mUser Load (0.3ms)[0m  [1m[34mSELECT "users".* FROM "users" WHERE "users"."session_token" = $1 LIMIT $2[0m  [["session_token", "[FILTERED]"], ["LIMIT", 1]]
  ↳ app/controllers/application_controller.rb:8:in `current_user'
  Rendered layout layouts/application.html.erb (Duration: 4.2ms | Allocations: 2343)
Completed 200 OK in 17ms (Views: 4.9ms | ActiveRecord: 5.7ms | Allocations: 7190)


Started GET "/users/3" for 127.0.0.1 at 2023-02-24 13:58:06 -0500
Processing by UsersController#show as HTML
  Parameters: {"id"=>"3"}
  [1m[36mUser Load (0.2ms)[0m  [1m[34mSELECT "users".* FROM "users" WHERE "users"."id" = $1 LIMIT $2[0m  [["id", 3], ["LIMIT", 1]]
  ↳ app/controllers/users_controller.rb:32:in `show'
  Rendering layout layouts/application.html.erb
  Rendering users/show.html.erb within layouts/application
  Rendered users/show.html.erb within layouts/application (Duration: 0.1ms | Allocations: 21)
  [1m[36mUser Load (0.3ms)[0m  [1m[34mSELECT "users".* FROM "users" WHERE "users"."session_token" = $1 LIMIT $2[0m  [["session_token", "[FILTERED]"], ["LIMIT", 1]]
  ↳ app/controllers/application_controller.rb:8:in `current_user'
  Rendered layout layouts/application.html.erb (Duration: 3.8ms | Allocations: 2337)
Completed 200 OK in 13ms (Views: 4.3ms | ActiveRecord: 2.7ms | Allocations: 7095)


Started POST "/users" for 127.0.0.1 at 2023-02-24 13:58:17 -0500
Processing by UsersController#create as HTML
  Parameters: {"authenticity_token"=>"[FILTERED]", "user"=>{"username"=>"milner2", "password"=>"[FILTERED]"}}
  [1m[36mTRANSACTION (0.1ms)[0m  [1m[35mBEGIN[0m
  ↳ app/models/user.rb:41:in `generate_unique_session_token'
  [1m[36mUser Exists? (0.3ms)[0m  [1m[34mSELECT 1 AS one FROM "users" WHERE "users"."session_token" = $1 LIMIT $2[0m  [["session_token", "[FILTERED]"], ["LIMIT", 1]]
  ↳ app/models/user.rb:41:in `generate_unique_session_token'
  [1m[36mUser Exists? (0.2ms)[0m  [1m[34mSELECT 1 AS one FROM "users" WHERE "users"."username" = $1 LIMIT $2[0m  [["username", "milner2"], ["LIMIT", 1]]
  ↳ app/controllers/users_controller.rb:12:in `create'
  [1m[36mCACHE User Exists? (0.0ms)[0m  [1m[34mSELECT 1 AS one FROM "users" WHERE "users"."session_token" = $1 LIMIT $2[0m  [["session_token", "[FILTERED]"], ["LIMIT", 1]]
  ↳ app/controllers/users_controller.rb:12:in `create'
  [1m[36mUser Create (0.6ms)[0m  [1m[32mINSERT INTO "users" ("username", "password_digest", "session_token", "created_at", "updated_at") VALUES ($1, $2, $3, $4, $5) RETURNING "id"[0m  [["username", "milner2"], ["password_digest", "[FILTERED]"], ["session_token", "[FILTERED]"], ["created_at", "2023-02-24 18:58:17.637562"], ["updated_at", "2023-02-24 18:58:17.637562"]]
  ↳ app/controllers/users_controller.rb:12:in `create'
  [1m[36mTRANSACTION (0.7ms)[0m  [1m[35mCOMMIT[0m
  ↳ app/controllers/users_controller.rb:12:in `create'
  [1m[36mUser Exists? (0.2ms)[0m  [1m[34mSELECT 1 AS one FROM "users" WHERE "users"."session_token" = $1 LIMIT $2[0m  [["session_token", "[FILTERED]"], ["LIMIT", 1]]
  ↳ app/models/user.rb:41:in `generate_unique_session_token'
  [1m[36mTRANSACTION (0.1ms)[0m  [1m[35mBEGIN[0m
  ↳ app/models/user.rb:58:in `reset_session_token!'
  [1m[36mUser Exists? (0.5ms)[0m  [1m[34mSELECT 1 AS one FROM "users" WHERE "users"."username" = $1 AND "users"."id" != $2 LIMIT $3[0m  [["username", "milner2"], ["id", 4], ["LIMIT", 1]]
  ↳ app/models/user.rb:58:in `reset_session_token!'
  [1m[36mUser Exists? (0.4ms)[0m  [1m[34mSELECT 1 AS one FROM "users" WHERE "users"."session_token" = $1 AND "users"."id" != $2 LIMIT $3[0m  [["session_token", "[FILTERED]"], ["id", 4], ["LIMIT", 1]]
  ↳ app/models/user.rb:58:in `reset_session_token!'
  [1m[36mUser Update (0.5ms)[0m  [1m[33mUPDATE "users" SET "session_token" = $1, "updated_at" = $2 WHERE "users"."id" = $3[0m  [["session_token", "[FILTERED]"], ["updated_at", "2023-02-24 18:58:17.646324"], ["id", 4]]
  ↳ app/models/user.rb:58:in `reset_session_token!'
  [1m[36mTRANSACTION (0.3ms)[0m  [1m[35mCOMMIT[0m
  ↳ app/models/user.rb:58:in `reset_session_token!'
Redirected to http://localhost:3000/users/4
Completed 302 Found in 223ms (ActiveRecord: 3.9ms | Allocations: 8528)


Started GET "/users/4" for 127.0.0.1 at 2023-02-24 13:58:17 -0500
Processing by UsersController#show as HTML
  Parameters: {"id"=>"4"}
  [1m[36mUser Load (0.2ms)[0m  [1m[34mSELECT "users".* FROM "users" WHERE "users"."id" = $1 LIMIT $2[0m  [["id", 4], ["LIMIT", 1]]
  ↳ app/controllers/users_controller.rb:32:in `show'
  Rendering layout layouts/application.html.erb
  Rendering users/show.html.erb within layouts/application
  Rendered users/show.html.erb within layouts/application (Duration: 0.0ms | Allocations: 10)
  [1m[36mUser Load (0.4ms)[0m  [1m[34mSELECT "users".* FROM "users" WHERE "users"."session_token" = $1 LIMIT $2[0m  [["session_token", "[FILTERED]"], ["LIMIT", 1]]
  ↳ app/controllers/application_controller.rb:8:in `current_user'
  Rendered layout layouts/application.html.erb (Duration: 4.1ms | Allocations: 1849)
Completed 200 OK in 6ms (Views: 4.1ms | ActiveRecord: 0.6ms | Allocations: 2565)


Started POST "/users/4/edit" for 127.0.0.1 at 2023-02-24 13:58:29 -0500
  
ActionController::RoutingError (No route matches [POST] "/users/4/edit"):
  
Started POST "/users/4/edit" for 127.0.0.1 at 2023-02-24 14:00:49 -0500
  
ActionController::RoutingError (No route matches [POST] "/users/4/edit"):
  
Started POST "/users/4/edit" for 127.0.0.1 at 2023-02-24 14:00:52 -0500
  
ActionController::RoutingError (No route matches [POST] "/users/4/edit"):
  
Started GET "/users/4" for 127.0.0.1 at 2023-02-24 14:00:56 -0500
Processing by UsersController#show as HTML
  Parameters: {"id"=>"4"}
  [1m[36mUser Load (0.3ms)[0m  [1m[34mSELECT "users".* FROM "users" WHERE "users"."id" = $1 LIMIT $2[0m  [["id", 4], ["LIMIT", 1]]
  ↳ app/controllers/users_controller.rb:32:in `show'
  Rendering layout layouts/application.html.erb
  Rendering users/show.html.erb within layouts/application
  Rendered users/show.html.erb within layouts/application (Duration: 0.3ms | Allocations: 141)
  [1m[36mUser Load (0.3ms)[0m  [1m[34mSELECT "users".* FROM "users" WHERE "users"."session_token" = $1 LIMIT $2[0m  [["session_token", "[FILTERED]"], ["LIMIT", 1]]
  ↳ app/controllers/application_controller.rb:8:in `current_user'
  Rendered layout layouts/application.html.erb (Duration: 4.9ms | Allocations: 2543)
Completed 200 OK in 9ms (Views: 6.2ms | ActiveRecord: 0.6ms | Allocations: 3765)


Started POST "/session" for 127.0.0.1 at 2023-02-24 14:00:57 -0500

ActionController::RoutingError - uninitialized constant SessionsController
      Object.const_get(camel_cased_word)
            ^^^^^^^^^^
            raise MissingController.new(error.message, error.name)
            ^^^^^:

Started POST "/__better_errors/1bce7bef07841715/variables" for 127.0.0.1 at 2023-02-24 14:00:57 -0500
Started GET "/users/4" for 127.0.0.1 at 2023-02-24 14:13:12 -0500
Processing by UsersController#show as HTML
  Parameters: {"id"=>"4"}
  [1m[36mUser Load (0.5ms)[0m  [1m[34mSELECT "users".* FROM "users" WHERE "users"."id" = $1 LIMIT $2[0m  [["id", 4], ["LIMIT", 1]]
  ↳ app/controllers/users_controller.rb:32:in `show'
  Rendering layout layouts/application.html.erb
  Rendering users/show.html.erb within layouts/application
  Rendered users/show.html.erb within layouts/application (Duration: 0.3ms | Allocations: 144)
  [1m[36mUser Load (0.6ms)[0m  [1m[34mSELECT "users".* FROM "users" WHERE "users"."session_token" = $1 LIMIT $2[0m  [["session_token", "[FILTERED]"], ["LIMIT", 1]]
  ↳ app/controllers/application_controller.rb:8:in `current_user'
  Rendered layout layouts/application.html.erb (Duration: 5.0ms | Allocations: 2720)
Completed 200 OK in 26ms (Views: 6.4ms | ActiveRecord: 6.2ms | Allocations: 10505)


Started POST "/session" for 127.0.0.1 at 2023-02-24 14:13:13 -0500
Processing by SessionsController#create as HTML
  Parameters: {"authenticity_token"=>"[FILTERED]"}
Completed 500 Internal Server Error in 1ms (ActiveRecord: 0.0ms | Allocations: 1691)



NoMethodError - undefined method `[]' for nil:NilClass
        @user = User.find_by_credentials(params[:user][:username], params[:user][:password])
                                                      ^^^^^^^^^^^:
  app/controllers/sessions_controller.rb:4:in `create'

Started POST "/__better_errors/f7f24c8d06bd0cd8/variables" for 127.0.0.1 at 2023-02-24 14:13:13 -0500
Started GET "/users/4" for 127.0.0.1 at 2023-02-24 14:16:59 -0500
Processing by UsersController#show as HTML
  Parameters: {"id"=>"4"}
  [1m[36mUser Load (0.3ms)[0m  [1m[34mSELECT "users".* FROM "users" WHERE "users"."id" = $1 LIMIT $2[0m  [["id", 4], ["LIMIT", 1]]
  ↳ app/controllers/users_controller.rb:32:in `show'
  Rendering layout layouts/application.html.erb
  Rendering users/show.html.erb within layouts/application
  Rendered users/show.html.erb within layouts/application (Duration: 0.4ms | Allocations: 142)
  [1m[36mUser Load (0.5ms)[0m  [1m[34mSELECT "users".* FROM "users" WHERE "users"."session_token" = $1 LIMIT $2[0m  [["session_token", "[FILTERED]"], ["LIMIT", 1]]
  ↳ app/controllers/application_controller.rb:8:in `current_user'
  Rendered layout layouts/application.html.erb (Duration: 5.7ms | Allocations: 2528)
Completed 200 OK in 9ms (Views: 7.0ms | ActiveRecord: 0.8ms | Allocations: 3800)


Started DELETE "/session" for 127.0.0.1 at 2023-02-24 14:17:00 -0500
Processing by SessionsController#destroy as HTML
  Parameters: {"authenticity_token"=>"[FILTERED]"}
  [1m[36mUser Load (0.2ms)[0m  [1m[34mSELECT "users".* FROM "users" WHERE "users"."session_token" = $1 LIMIT $2[0m  [["session_token", "[FILTERED]"], ["LIMIT", 1]]
  ↳ app/controllers/application_controller.rb:8:in `current_user'
  [1m[36mUser Exists? (0.4ms)[0m  [1m[34mSELECT 1 AS one FROM "users" WHERE "users"."session_token" = $1 LIMIT $2[0m  [["session_token", "[FILTERED]"], ["LIMIT", 1]]
  ↳ app/models/user.rb:41:in `generate_unique_session_token'
  [1m[36mTRANSACTION (0.2ms)[0m  [1m[35mBEGIN[0m
  ↳ app/models/user.rb:58:in `reset_session_token!'
  [1m[36mUser Exists? (0.6ms)[0m  [1m[34mSELECT 1 AS one FROM "users" WHERE "users"."username" = $1 AND "users"."id" != $2 LIMIT $3[0m  [["username", "milner2"], ["id", 4], ["LIMIT", 1]]
  ↳ app/models/user.rb:58:in `reset_session_token!'
  [1m[36mUser Exists? (0.5ms)[0m  [1m[34mSELECT 1 AS one FROM "users" WHERE "users"."session_token" = $1 AND "users"."id" != $2 LIMIT $3[0m  [["session_token", "[FILTERED]"], ["id", 4], ["LIMIT", 1]]
  ↳ app/models/user.rb:58:in `reset_session_token!'
  [1m[36mUser Update (0.6ms)[0m  [1m[33mUPDATE "users" SET "session_token" = $1, "updated_at" = $2 WHERE "users"."id" = $3[0m  [["session_token", "[FILTERED]"], ["updated_at", "2023-02-24 19:17:00.421819"], ["id", 4]]
  ↳ app/models/user.rb:58:in `reset_session_token!'
  [1m[36mTRANSACTION (0.5ms)[0m  [1m[35mCOMMIT[0m
  ↳ app/models/user.rb:58:in `reset_session_token!'
Redirected to http://localhost:3000/session/new
Completed 302 Found in 13ms (ActiveRecord: 3.0ms | Allocations: 5270)


Started GET "/session/new" for 127.0.0.1 at 2023-02-24 14:17:00 -0500
Processing by SessionsController#new as HTML
  Rendering layout layouts/application.html.erb
  Rendering sessions/new.html.erb within layouts/application
  Rendered sessions/new.html.erb within layouts/application (Duration: 1.1ms | Allocations: 564)
  [1m[36mUser Load (0.2ms)[0m  [1m[34mSELECT "users".* FROM "users" WHERE "users"."session_token" IS NULL LIMIT $1[0m  [["LIMIT", 1]]
  ↳ app/controllers/application_controller.rb:8:in `current_user'
  Rendered layout layouts/application.html.erb (Duration: 5.3ms | Allocations: 2580)
Completed 200 OK in 7ms (Views: 6.7ms | ActiveRecord: 0.2ms | Allocations: 3173)


Started GET "/users/new" for 127.0.0.1 at 2023-02-24 14:17:09 -0500
Processing by UsersController#new as HTML
  Rendering layout layouts/application.html.erb
  Rendering users/new.html.erb within layouts/application
  Rendered shared/_form.html.erb (Duration: 1.4ms | Allocations: 501)
  Rendered users/new.html.erb within layouts/application (Duration: 2.3ms | Allocations: 714)
  [1m[36mUser Load (0.3ms)[0m  [1m[34mSELECT "users".* FROM "users" WHERE "users"."session_token" IS NULL LIMIT $1[0m  [["LIMIT", 1]]
  ↳ app/controllers/application_controller.rb:8:in `current_user'
  Rendered layout layouts/application.html.erb (Duration: 5.7ms | Allocations: 2367)
Completed 200 OK in 7ms (Views: 6.3ms | ActiveRecord: 0.3ms | Allocations: 2661)


Started GET "/session/new" for 127.0.0.1 at 2023-02-24 14:17:10 -0500
Processing by SessionsController#new as HTML
  Rendering layout layouts/application.html.erb
  Rendering sessions/new.html.erb within layouts/application
  Rendered sessions/new.html.erb within layouts/application (Duration: 0.5ms | Allocations: 311)
  [1m[36mUser Load (0.3ms)[0m  [1m[34mSELECT "users".* FROM "users" WHERE "users"."session_token" IS NULL LIMIT $1[0m  [["LIMIT", 1]]
  ↳ app/controllers/application_controller.rb:8:in `current_user'
  Rendered layout layouts/application.html.erb (Duration: 4.9ms | Allocations: 1960)
Completed 200 OK in 6ms (Views: 5.0ms | ActiveRecord: 0.3ms | Allocations: 2179)


Started GET "/users/new" for 127.0.0.1 at 2023-02-24 14:17:11 -0500
Processing by UsersController#new as HTML
  Rendering layout layouts/application.html.erb
  Rendering users/new.html.erb within layouts/application
  Rendered shared/_form.html.erb (Duration: 0.6ms | Allocations: 321)
  Rendered users/new.html.erb within layouts/application (Duration: 0.8ms | Allocations: 385)
  [1m[36mUser Load (0.2ms)[0m  [1m[34mSELECT "users".* FROM "users" WHERE "users"."session_token" IS NULL LIMIT $1[0m  [["LIMIT", 1]]
  ↳ app/controllers/application_controller.rb:8:in `current_user'
  Rendered layout layouts/application.html.erb (Duration: 4.8ms | Allocations: 2034)
Completed 200 OK in 5ms (Views: 5.0ms | ActiveRecord: 0.2ms | Allocations: 2252)


Started GET "/session/new" for 127.0.0.1 at 2023-02-24 14:17:12 -0500
Processing by SessionsController#new as HTML
  Rendering layout layouts/application.html.erb
  Rendering sessions/new.html.erb within layouts/application
  Rendered sessions/new.html.erb within layouts/application (Duration: 0.5ms | Allocations: 317)
  [1m[36mUser Load (0.3ms)[0m  [1m[34mSELECT "users".* FROM "users" WHERE "users"."session_token" IS NULL LIMIT $1[0m  [["LIMIT", 1]]
  ↳ app/controllers/application_controller.rb:8:in `current_user'
  Rendered layout layouts/application.html.erb (Duration: 4.5ms | Allocations: 1966)
Completed 200 OK in 5ms (Views: 4.6ms | ActiveRecord: 0.3ms | Allocations: 2184)


Started POST "/session" for 127.0.0.1 at 2023-02-24 14:17:19 -0500
Processing by SessionsController#create as HTML
  Parameters: {"authenticity_token"=>"[FILTERED]", "user"=>{"username"=>"milner2", "password"=>"[FILTERED]"}}
  [1m[36mUser Load (0.3ms)[0m  [1m[34mSELECT "users".* FROM "users" WHERE "users"."username" = $1 LIMIT $2[0m  [["username", "milner2"], ["LIMIT", 1]]
  ↳ app/models/user.rb:26:in `find_by_credentials'
  Rendering layout layouts/application.html.erb
  Rendering sessions/new.html.erb within layouts/application
  Rendered sessions/new.html.erb within layouts/application (Duration: 0.2ms | Allocations: 55)
  [1m[36mUser Load (0.5ms)[0m  [1m[34mSELECT "users".* FROM "users" WHERE "users"."session_token" IS NULL LIMIT $1[0m  [["LIMIT", 1]]
  ↳ app/controllers/application_controller.rb:8:in `current_user'
  Rendered layout layouts/application.html.erb (Duration: 8.3ms | Allocations: 1692)
Completed 200 OK in 214ms (Views: 8.2ms | ActiveRecord: 0.8ms | Allocations: 2874)


Started POST "/session" for 127.0.0.1 at 2023-02-24 14:17:32 -0500
Processing by SessionsController#create as HTML
  Parameters: {"authenticity_token"=>"[FILTERED]", "user"=>{"username"=>"milner2", "password"=>"[FILTERED]"}}
  [1m[36mUser Load (0.5ms)[0m  [1m[34mSELECT "users".* FROM "users" WHERE "users"."username" = $1 LIMIT $2[0m  [["username", "milner2"], ["LIMIT", 1]]
  ↳ app/models/user.rb:26:in `find_by_credentials'
  Rendering layout layouts/application.html.erb
  Rendering sessions/new.html.erb within layouts/application
  Rendered sessions/new.html.erb within layouts/application (Duration: 0.2ms | Allocations: 55)
  [1m[36mUser Load (0.2ms)[0m  [1m[34mSELECT "users".* FROM "users" WHERE "users"."session_token" IS NULL LIMIT $1[0m  [["LIMIT", 1]]
  ↳ app/controllers/application_controller.rb:8:in `current_user'
  Rendered layout layouts/application.html.erb (Duration: 2.6ms | Allocations: 1698)
Completed 200 OK in 210ms (Views: 3.2ms | ActiveRecord: 0.7ms | Allocations: 2731)


Started GET "/session/new" for 127.0.0.1 at 2023-02-24 14:23:07 -0500
Processing by SessionsController#new as HTML
  Rendering layout layouts/application.html.erb
  Rendering sessions/new.html.erb within layouts/application
  Rendered sessions/new.html.erb within layouts/application (Duration: 0.5ms | Allocations: 306)
  [1m[36mUser Load (0.3ms)[0m  [1m[34mSELECT "users".* FROM "users" WHERE "users"."session_token" IS NULL LIMIT $1[0m  [["LIMIT", 1]]
  ↳ app/controllers/application_controller.rb:8:in `current_user'
  Rendered layout layouts/application.html.erb (Duration: 5.1ms | Allocations: 1955)
Completed 200 OK in 6ms (Views: 5.2ms | ActiveRecord: 0.3ms | Allocations: 2174)


Started GET "/users/new" for 127.0.0.1 at 2023-02-24 14:23:08 -0500
Processing by UsersController#new as HTML
  Rendering layout layouts/application.html.erb
  Rendering users/new.html.erb within layouts/application
  Rendered shared/_form.html.erb (Duration: 0.6ms | Allocations: 289)
  Rendered users/new.html.erb within layouts/application (Duration: 0.8ms | Allocations: 353)
  [1m[36mUser Load (0.2ms)[0m  [1m[34mSELECT "users".* FROM "users" WHERE "users"."session_token" IS NULL LIMIT $1[0m  [["LIMIT", 1]]
  ↳ app/controllers/application_controller.rb:8:in `current_user'
  Rendered layout layouts/application.html.erb (Duration: 4.8ms | Allocations: 2008)
Completed 200 OK in 5ms (Views: 5.0ms | ActiveRecord: 0.2ms | Allocations: 2227)


Started GET "/session/new" for 127.0.0.1 at 2023-02-24 14:23:12 -0500
Processing by SessionsController#new as HTML
  Rendering layout layouts/application.html.erb
  Rendering sessions/new.html.erb within layouts/application
  Rendered sessions/new.html.erb within layouts/application (Duration: 0.5ms | Allocations: 300)
  [1m[36mUser Load (0.2ms)[0m  [1m[34mSELECT "users".* FROM "users" WHERE "users"."session_token" IS NULL LIMIT $1[0m  [["LIMIT", 1]]
  ↳ app/controllers/application_controller.rb:8:in `current_user'
  Rendered layout layouts/application.html.erb (Duration: 4.3ms | Allocations: 1949)
Completed 200 OK in 5ms (Views: 4.5ms | ActiveRecord: 0.2ms | Allocations: 2168)


Started POST "/session" for 127.0.0.1 at 2023-02-24 14:23:20 -0500
Processing by SessionsController#create as HTML
  Parameters: {"authenticity_token"=>"[FILTERED]", "user"=>{"username"=>"dan", "password"=>"[FILTERED]"}}
  [1m[36mUser Load (0.2ms)[0m  [1m[34mSELECT "users".* FROM "users" WHERE "users"."username" = $1 LIMIT $2[0m  [["username", "dan"], ["LIMIT", 1]]
  ↳ app/models/user.rb:26:in `find_by_credentials'
  Rendering layout layouts/application.html.erb
  Rendering sessions/new.html.erb within layouts/application
  Rendered sessions/new.html.erb within layouts/application (Duration: 0.2ms | Allocations: 55)
  [1m[36mUser Load (0.2ms)[0m  [1m[34mSELECT "users".* FROM "users" WHERE "users"."session_token" IS NULL LIMIT $1[0m  [["LIMIT", 1]]
  ↳ app/controllers/application_controller.rb:8:in `current_user'
  Rendered layout layouts/application.html.erb (Duration: 3.0ms | Allocations: 1692)
Completed 200 OK in 210ms (Views: 3.2ms | ActiveRecord: 0.4ms | Allocations: 2695)


Started POST "/session" for 127.0.0.1 at 2023-02-24 14:26:11 -0500
Processing by SessionsController#create as HTML
  Parameters: {"authenticity_token"=>"[FILTERED]", "user"=>{"username"=>"dan", "password"=>"[FILTERED]"}}
  [1m[36mUser Load (0.3ms)[0m  [1m[34mSELECT "users".* FROM "users" WHERE "users"."username" = $1 LIMIT $2[0m  [["username", "dan"], ["LIMIT", 1]]
  ↳ app/models/user.rb:26:in `find_by_credentials'
  Rendering layout layouts/application.html.erb
  Rendering sessions/new.html.erb within layouts/application
  Rendered sessions/new.html.erb within layouts/application (Duration: 0.8ms | Allocations: 242)
  [1m[36mUser Load (0.2ms)[0m  [1m[34mSELECT "users".* FROM "users" WHERE "users"."session_token" IS NULL LIMIT $1[0m  [["LIMIT", 1]]
  ↳ app/controllers/application_controller.rb:8:in `current_user'
  Rendered layout layouts/application.html.erb (Duration: 5.7ms | Allocations: 5100)
Completed 500 Internal Server Error in 214ms (ActiveRecord: 0.5ms | Allocations: 6557)



NoMethodError - undefined method `each' for nil:NilClass:
  app/views/layouts/application.html.erb:29
  app/controllers/sessions_controller.rb:12:in `create'

Started POST "/__better_errors/1b91dc4bfbfa5445/variables" for 127.0.0.1 at 2023-02-24 14:26:11 -0500
Started POST "/session" for 127.0.0.1 at 2023-02-24 14:27:57 -0500
Processing by SessionsController#create as HTML
  Parameters: {"authenticity_token"=>"[FILTERED]", "user"=>{"username"=>"dan", "password"=>"[FILTERED]"}}
  [1m[36mUser Load (0.3ms)[0m  [1m[34mSELECT "users".* FROM "users" WHERE "users"."username" = $1 LIMIT $2[0m  [["username", "dan"], ["LIMIT", 1]]
  ↳ app/models/user.rb:26:in `find_by_credentials'
  Rendering layout layouts/application.html.erb
  Rendering sessions/new.html.erb within layouts/application
  Rendered sessions/new.html.erb within layouts/application (Duration: 0.6ms | Allocations: 237)
  [1m[36mUser Load (0.2ms)[0m  [1m[34mSELECT "users".* FROM "users" WHERE "users"."session_token" IS NULL LIMIT $1[0m  [["LIMIT", 1]]
  ↳ app/controllers/application_controller.rb:8:in `current_user'
  Rendered layout layouts/application.html.erb (Duration: 3.9ms | Allocations: 2642)
Completed 200 OK in 209ms (Views: 4.9ms | ActiveRecord: 0.5ms | Allocations: 4299)


Started POST "/session" for 127.0.0.1 at 2023-02-24 14:28:05 -0500
Processing by SessionsController#create as HTML
  Parameters: {"authenticity_token"=>"[FILTERED]", "user"=>{"username"=>"dan", "password"=>"[FILTERED]"}}
  [1m[36mUser Load (0.4ms)[0m  [1m[34mSELECT "users".* FROM "users" WHERE "users"."username" = $1 LIMIT $2[0m  [["username", "dan"], ["LIMIT", 1]]
  ↳ app/models/user.rb:26:in `find_by_credentials'
  Rendering layout layouts/application.html.erb
  Rendering sessions/new.html.erb within layouts/application
  Rendered sessions/new.html.erb within layouts/application (Duration: 0.2ms | Allocations: 55)
  [1m[36mUser Load (0.2ms)[0m  [1m[34mSELECT "users".* FROM "users" WHERE "users"."session_token" IS NULL LIMIT $1[0m  [["LIMIT", 1]]
  ↳ app/controllers/application_controller.rb:8:in `current_user'
  Rendered layout layouts/application.html.erb (Duration: 2.8ms | Allocations: 1708)
Completed 200 OK in 207ms (Views: 2.9ms | ActiveRecord: 0.6ms | Allocations: 2815)


Started POST "/session" for 127.0.0.1 at 2023-02-24 14:28:13 -0500
Processing by SessionsController#create as HTML
  Parameters: {"authenticity_token"=>"[FILTERED]", "user"=>{"username"=>"dan", "password"=>"[FILTERED]"}}
  [1m[36mUser Load (0.3ms)[0m  [1m[34mSELECT "users".* FROM "users" WHERE "users"."username" = $1 LIMIT $2[0m  [["username", "dan"], ["LIMIT", 1]]
  ↳ app/models/user.rb:26:in `find_by_credentials'
  Rendering layout layouts/application.html.erb
  Rendering sessions/new.html.erb within layouts/application
  Rendered sessions/new.html.erb within layouts/application (Duration: 0.2ms | Allocations: 55)
  [1m[36mUser Load (0.2ms)[0m  [1m[34mSELECT "users".* FROM "users" WHERE "users"."session_token" IS NULL LIMIT $1[0m  [["LIMIT", 1]]
  ↳ app/controllers/application_controller.rb:8:in `current_user'
  Rendered layout layouts/application.html.erb (Duration: 2.6ms | Allocations: 1702)
Completed 200 OK in 210ms (Views: 2.8ms | ActiveRecord: 0.5ms | Allocations: 2724)


Started POST "/session" for 127.0.0.1 at 2023-02-24 14:28:24 -0500
Processing by SessionsController#create as HTML
  Parameters: {"authenticity_token"=>"[FILTERED]", "user"=>{"username"=>"milner2", "password"=>"[FILTERED]"}}
  [1m[36mUser Load (0.2ms)[0m  [1m[34mSELECT "users".* FROM "users" WHERE "users"."username" = $1 LIMIT $2[0m  [["username", "milner2"], ["LIMIT", 1]]
  ↳ app/models/user.rb:26:in `find_by_credentials'
  Rendering layout layouts/application.html.erb
  Rendering sessions/new.html.erb within layouts/application
  Rendered sessions/new.html.erb within layouts/application (Duration: 0.2ms | Allocations: 55)
  [1m[36mUser Load (0.2ms)[0m  [1m[34mSELECT "users".* FROM "users" WHERE "users"."session_token" IS NULL LIMIT $1[0m  [["LIMIT", 1]]
  ↳ app/controllers/application_controller.rb:8:in `current_user'
  Rendered layout layouts/application.html.erb (Duration: 2.8ms | Allocations: 1702)
Completed 200 OK in 217ms (Views: 3.0ms | ActiveRecord: 0.4ms | Allocations: 2713)


Started POST "/session" for 127.0.0.1 at 2023-02-24 14:28:38 -0500
Processing by SessionsController#create as HTML
  Parameters: {"authenticity_token"=>"[FILTERED]", "user"=>{"username"=>"milner2", "password"=>"[FILTERED]"}}
  [1m[36mUser Load (0.2ms)[0m  [1m[34mSELECT "users".* FROM "users" WHERE "users"."username" = $1 LIMIT $2[0m  [["username", "milner2"], ["LIMIT", 1]]
  ↳ app/models/user.rb:26:in `find_by_credentials'
  Rendering layout layouts/application.html.erb
  Rendering sessions/new.html.erb within layouts/application
  Rendered sessions/new.html.erb within layouts/application (Duration: 0.4ms | Allocations: 55)
  [1m[36mUser Load (0.1ms)[0m  [1m[34mSELECT "users".* FROM "users" WHERE "users"."session_token" IS NULL LIMIT $1[0m  [["LIMIT", 1]]
  ↳ app/controllers/application_controller.rb:8:in `current_user'
  Rendered layout layouts/application.html.erb (Duration: 3.5ms | Allocations: 1702)
Completed 200 OK in 207ms (Views: 3.9ms | ActiveRecord: 0.3ms | Allocations: 2724)


Started GET "/session/new" for 127.0.0.1 at 2023-02-24 14:28:42 -0500
Processing by SessionsController#new as HTML
  Rendering layout layouts/application.html.erb
  Rendering sessions/new.html.erb within layouts/application
  Rendered sessions/new.html.erb within layouts/application (Duration: 0.9ms | Allocations: 282)
  [1m[36mUser Load (0.2ms)[0m  [1m[34mSELECT "users".* FROM "users" WHERE "users"."session_token" IS NULL LIMIT $1[0m  [["LIMIT", 1]]
  ↳ app/controllers/application_controller.rb:8:in `current_user'
  Rendered layout layouts/application.html.erb (Duration: 4.2ms | Allocations: 1947)
Completed 200 OK in 5ms (Views: 4.5ms | ActiveRecord: 0.2ms | Allocations: 2166)


Started POST "/session" for 127.0.0.1 at 2023-02-24 14:28:51 -0500
Processing by SessionsController#create as HTML
  Parameters: {"authenticity_token"=>"[FILTERED]", "user"=>{"username"=>"dan3", "password"=>"[FILTERED]"}}
  [1m[36mUser Load (0.3ms)[0m  [1m[34mSELECT "users".* FROM "users" WHERE "users"."username" = $1 LIMIT $2[0m  [["username", "dan3"], ["LIMIT", 1]]
  ↳ app/models/user.rb:26:in `find_by_credentials'
  Rendering layout layouts/application.html.erb
  Rendering sessions/new.html.erb within layouts/application
  Rendered sessions/new.html.erb within layouts/application (Duration: 0.3ms | Allocations: 55)
  [1m[36mUser Load (0.3ms)[0m  [1m[34mSELECT "users".* FROM "users" WHERE "users"."session_token" IS NULL LIMIT $1[0m  [["LIMIT", 1]]
  ↳ app/controllers/application_controller.rb:8:in `current_user'
  Rendered layout layouts/application.html.erb (Duration: 3.9ms | Allocations: 1702)
Completed 200 OK in 6ms (Views: 4.1ms | ActiveRecord: 0.5ms | Allocations: 2664)


Started GET "/users/new" for 127.0.0.1 at 2023-02-24 14:28:56 -0500
Processing by UsersController#new as HTML
  Rendering layout layouts/application.html.erb
  Rendering users/new.html.erb within layouts/application
  Rendered shared/_form.html.erb (Duration: 1.0ms | Allocations: 577)
  Rendered users/new.html.erb within layouts/application (Duration: 1.9ms | Allocations: 822)
  [1m[36mUser Load (0.2ms)[0m  [1m[34mSELECT "users".* FROM "users" WHERE "users"."session_token" IS NULL LIMIT $1[0m  [["LIMIT", 1]]
  ↳ app/controllers/application_controller.rb:8:in `current_user'
  Rendered layout layouts/application.html.erb (Duration: 5.7ms | Allocations: 2828)
Completed 200 OK in 7ms (Views: 6.7ms | ActiveRecord: 0.2ms | Allocations: 3345)


Started POST "/users" for 127.0.0.1 at 2023-02-24 14:29:04 -0500
Processing by UsersController#create as HTML
  Parameters: {"authenticity_token"=>"[FILTERED]", "user"=>{"username"=>"dan3", "password"=>"[FILTERED]"}}
  [1m[36mTRANSACTION (0.1ms)[0m  [1m[35mBEGIN[0m
  ↳ app/models/user.rb:41:in `generate_unique_session_token'
  [1m[36mUser Exists? (0.3ms)[0m  [1m[34mSELECT 1 AS one FROM "users" WHERE "users"."session_token" = $1 LIMIT $2[0m  [["session_token", "[FILTERED]"], ["LIMIT", 1]]
  ↳ app/models/user.rb:41:in `generate_unique_session_token'
  [1m[36mUser Exists? (0.2ms)[0m  [1m[34mSELECT 1 AS one FROM "users" WHERE "users"."username" = $1 LIMIT $2[0m  [["username", "dan3"], ["LIMIT", 1]]
  ↳ app/controllers/users_controller.rb:12:in `create'
  [1m[36mCACHE User Exists? (0.0ms)[0m  [1m[34mSELECT 1 AS one FROM "users" WHERE "users"."session_token" = $1 LIMIT $2[0m  [["session_token", "[FILTERED]"], ["LIMIT", 1]]
  ↳ app/controllers/users_controller.rb:12:in `create'
  [1m[36mUser Create (0.7ms)[0m  [1m[32mINSERT INTO "users" ("username", "password_digest", "session_token", "created_at", "updated_at") VALUES ($1, $2, $3, $4, $5) RETURNING "id"[0m  [["username", "dan3"], ["password_digest", "[FILTERED]"], ["session_token", "[FILTERED]"], ["created_at", "2023-02-24 19:29:05.056993"], ["updated_at", "2023-02-24 19:29:05.056993"]]
  ↳ app/controllers/users_controller.rb:12:in `create'
  [1m[36mTRANSACTION (0.8ms)[0m  [1m[35mCOMMIT[0m
  ↳ app/controllers/users_controller.rb:12:in `create'
  [1m[36mUser Exists? (0.4ms)[0m  [1m[34mSELECT 1 AS one FROM "users" WHERE "users"."session_token" = $1 LIMIT $2[0m  [["session_token", "[FILTERED]"], ["LIMIT", 1]]
  ↳ app/models/user.rb:41:in `generate_unique_session_token'
  [1m[36mTRANSACTION (0.2ms)[0m  [1m[35mBEGIN[0m
  ↳ app/models/user.rb:58:in `reset_session_token!'
  [1m[36mUser Exists? (0.5ms)[0m  [1m[34mSELECT 1 AS one FROM "users" WHERE "users"."username" = $1 AND "users"."id" != $2 LIMIT $3[0m  [["username", "dan3"], ["id", 5], ["LIMIT", 1]]
  ↳ app/models/user.rb:58:in `reset_session_token!'
  [1m[36mUser Exists? (0.3ms)[0m  [1m[34mSELECT 1 AS one FROM "users" WHERE "users"."session_token" = $1 AND "users"."id" != $2 LIMIT $3[0m  [["session_token", "[FILTERED]"], ["id", 5], ["LIMIT", 1]]
  ↳ app/models/user.rb:58:in `reset_session_token!'
  [1m[36mUser Update (0.4ms)[0m  [1m[33mUPDATE "users" SET "session_token" = $1, "updated_at" = $2 WHERE "users"."id" = $3[0m  [["session_token", "[FILTERED]"], ["updated_at", "2023-02-24 19:29:05.067490"], ["id", 5]]
  ↳ app/models/user.rb:58:in `reset_session_token!'
  [1m[36mTRANSACTION (0.4ms)[0m  [1m[35mCOMMIT[0m
  ↳ app/models/user.rb:58:in `reset_session_token!'
Redirected to http://localhost:3000/users/5
Completed 302 Found in 259ms (ActiveRecord: 4.3ms | Allocations: 8229)


Started GET "/users/5" for 127.0.0.1 at 2023-02-24 14:29:05 -0500
Processing by UsersController#show as HTML
  Parameters: {"id"=>"5"}
  [1m[36mUser Load (0.3ms)[0m  [1m[34mSELECT "users".* FROM "users" WHERE "users"."id" = $1 LIMIT $2[0m  [["id", 5], ["LIMIT", 1]]
  ↳ app/controllers/users_controller.rb:32:in `show'
  Rendering layout layouts/application.html.erb
  Rendering users/show.html.erb within layouts/application
  Rendered users/show.html.erb within layouts/application (Duration: 0.4ms | Allocations: 109)
  [1m[36mUser Load (0.3ms)[0m  [1m[34mSELECT "users".* FROM "users" WHERE "users"."session_token" = $1 LIMIT $2[0m  [["session_token", "[FILTERED]"], ["LIMIT", 1]]
  ↳ app/controllers/application_controller.rb:8:in `current_user'
  Rendered layout layouts/application.html.erb (Duration: 4.5ms | Allocations: 1907)
Completed 200 OK in 7ms (Views: 4.9ms | ActiveRecord: 0.6ms | Allocations: 2683)


Started DELETE "/session" for 127.0.0.1 at 2023-02-24 14:29:09 -0500
Processing by SessionsController#destroy as HTML
  Parameters: {"authenticity_token"=>"[FILTERED]"}
  [1m[36mUser Load (0.3ms)[0m  [1m[34mSELECT "users".* FROM "users" WHERE "users"."session_token" = $1 LIMIT $2[0m  [["session_token", "[FILTERED]"], ["LIMIT", 1]]
  ↳ app/controllers/application_controller.rb:8:in `current_user'
  [1m[36mUser Exists? (0.3ms)[0m  [1m[34mSELECT 1 AS one FROM "users" WHERE "users"."session_token" = $1 LIMIT $2[0m  [["session_token", "[FILTERED]"], ["LIMIT", 1]]
  ↳ app/models/user.rb:41:in `generate_unique_session_token'
  [1m[36mTRANSACTION (0.2ms)[0m  [1m[35mBEGIN[0m
  ↳ app/models/user.rb:58:in `reset_session_token!'
  [1m[36mUser Exists? (0.3ms)[0m  [1m[34mSELECT 1 AS one FROM "users" WHERE "users"."username" = $1 AND "users"."id" != $2 LIMIT $3[0m  [["username", "dan3"], ["id", 5], ["LIMIT", 1]]
  ↳ app/models/user.rb:58:in `reset_session_token!'
  [1m[36mUser Exists? (0.4ms)[0m  [1m[34mSELECT 1 AS one FROM "users" WHERE "users"."session_token" = $1 AND "users"."id" != $2 LIMIT $3[0m  [["session_token", "[FILTERED]"], ["id", 5], ["LIMIT", 1]]
  ↳ app/models/user.rb:58:in `reset_session_token!'
  [1m[36mUser Update (0.5ms)[0m  [1m[33mUPDATE "users" SET "session_token" = $1, "updated_at" = $2 WHERE "users"."id" = $3[0m  [["session_token", "[FILTERED]"], ["updated_at", "2023-02-24 19:29:09.829694"], ["id", 5]]
  ↳ app/models/user.rb:58:in `reset_session_token!'
  [1m[36mTRANSACTION (0.3ms)[0m  [1m[35mCOMMIT[0m
  ↳ app/models/user.rb:58:in `reset_session_token!'
Redirected to http://localhost:3000/session/new
Completed 302 Found in 12ms (ActiveRecord: 2.3ms | Allocations: 4775)


Started GET "/session/new" for 127.0.0.1 at 2023-02-24 14:29:09 -0500
Processing by SessionsController#new as HTML
  Rendering layout layouts/application.html.erb
  Rendering sessions/new.html.erb within layouts/application
  Rendered sessions/new.html.erb within layouts/application (Duration: 0.9ms | Allocations: 291)
  [1m[36mUser Load (0.2ms)[0m  [1m[34mSELECT "users".* FROM "users" WHERE "users"."session_token" IS NULL LIMIT $1[0m  [["LIMIT", 1]]
  ↳ app/controllers/application_controller.rb:8:in `current_user'
  Rendered layout layouts/application.html.erb (Duration: 4.2ms | Allocations: 1956)
Completed 200 OK in 5ms (Views: 4.5ms | ActiveRecord: 0.2ms | Allocations: 2176)


Started POST "/session" for 127.0.0.1 at 2023-02-24 14:29:19 -0500
Processing by SessionsController#create as HTML
  Parameters: {"authenticity_token"=>"[FILTERED]", "user"=>{"username"=>"dan3", "password"=>"[FILTERED]"}}
  [1m[36mUser Load (0.4ms)[0m  [1m[34mSELECT "users".* FROM "users" WHERE "users"."username" = $1 LIMIT $2[0m  [["username", "dan3"], ["LIMIT", 1]]
  ↳ app/models/user.rb:26:in `find_by_credentials'
  [1m[36mUser Exists? (0.4ms)[0m  [1m[34mSELECT 1 AS one FROM "users" WHERE "users"."session_token" = $1 LIMIT $2[0m  [["session_token", "[FILTERED]"], ["LIMIT", 1]]
  ↳ app/models/user.rb:41:in `generate_unique_session_token'
  [1m[36mTRANSACTION (0.1ms)[0m  [1m[35mBEGIN[0m
  ↳ app/models/user.rb:58:in `reset_session_token!'
  [1m[36mUser Exists? (0.3ms)[0m  [1m[34mSELECT 1 AS one FROM "users" WHERE "users"."username" = $1 AND "users"."id" != $2 LIMIT $3[0m  [["username", "dan3"], ["id", 5], ["LIMIT", 1]]
  ↳ app/models/user.rb:58:in `reset_session_token!'
  [1m[36mUser Exists? (0.5ms)[0m  [1m[34mSELECT 1 AS one FROM "users" WHERE "users"."session_token" = $1 AND "users"."id" != $2 LIMIT $3[0m  [["session_token", "[FILTERED]"], ["id", 5], ["LIMIT", 1]]
  ↳ app/models/user.rb:58:in `reset_session_token!'
  [1m[36mUser Update (0.5ms)[0m  [1m[33mUPDATE "users" SET "session_token" = $1, "updated_at" = $2 WHERE "users"."id" = $3[0m  [["session_token", "[FILTERED]"], ["updated_at", "2023-02-24 19:29:19.772800"], ["id", 5]]
  ↳ app/models/user.rb:58:in `reset_session_token!'
  [1m[36mTRANSACTION (1.1ms)[0m  [1m[35mCOMMIT[0m
  ↳ app/models/user.rb:58:in `reset_session_token!'
Redirected to http://localhost:3000/users/5
Completed 302 Found in 220ms (ActiveRecord: 3.2ms | Allocations: 4819)


Started GET "/users/5" for 127.0.0.1 at 2023-02-24 14:29:19 -0500
Processing by UsersController#show as HTML
  Parameters: {"id"=>"5"}
  [1m[36mUser Load (0.5ms)[0m  [1m[34mSELECT "users".* FROM "users" WHERE "users"."id" = $1 LIMIT $2[0m  [["id", 5], ["LIMIT", 1]]
  ↳ app/controllers/users_controller.rb:32:in `show'
  Rendering layout layouts/application.html.erb
  Rendering users/show.html.erb within layouts/application
  Rendered users/show.html.erb within layouts/application (Duration: 0.1ms | Allocations: 10)
  [1m[36mUser Load (0.3ms)[0m  [1m[34mSELECT "users".* FROM "users" WHERE "users"."session_token" = $1 LIMIT $2[0m  [["session_token", "[FILTERED]"], ["LIMIT", 1]]
  ↳ app/controllers/application_controller.rb:8:in `current_user'
  Rendered layout layouts/application.html.erb (Duration: 46.8ms | Allocations: 1781)
Completed 200 OK in 49ms (Views: 47.1ms | ActiveRecord: 0.8ms | Allocations: 2476)


Started DELETE "/session" for 127.0.0.1 at 2023-02-24 14:29:41 -0500
Processing by SessionsController#destroy as HTML
  Parameters: {"authenticity_token"=>"[FILTERED]"}
  [1m[36mUser Load (0.3ms)[0m  [1m[34mSELECT "users".* FROM "users" WHERE "users"."session_token" = $1 LIMIT $2[0m  [["session_token", "[FILTERED]"], ["LIMIT", 1]]
  ↳ app/controllers/application_controller.rb:8:in `current_user'
  [1m[36mUser Exists? (0.3ms)[0m  [1m[34mSELECT 1 AS one FROM "users" WHERE "users"."session_token" = $1 LIMIT $2[0m  [["session_token", "[FILTERED]"], ["LIMIT", 1]]
  ↳ app/models/user.rb:41:in `generate_unique_session_token'
  [1m[36mTRANSACTION (0.2ms)[0m  [1m[35mBEGIN[0m
  ↳ app/models/user.rb:58:in `reset_session_token!'
  [1m[36mUser Exists? (0.3ms)[0m  [1m[34mSELECT 1 AS one FROM "users" WHERE "users"."username" = $1 AND "users"."id" != $2 LIMIT $3[0m  [["username", "dan3"], ["id", 5], ["LIMIT", 1]]
  ↳ app/models/user.rb:58:in `reset_session_token!'
  [1m[36mUser Exists? (0.3ms)[0m  [1m[34mSELECT 1 AS one FROM "users" WHERE "users"."session_token" = $1 AND "users"."id" != $2 LIMIT $3[0m  [["session_token", "[FILTERED]"], ["id", 5], ["LIMIT", 1]]
  ↳ app/models/user.rb:58:in `reset_session_token!'
  [1m[36mUser Update (0.3ms)[0m  [1m[33mUPDATE "users" SET "session_token" = $1, "updated_at" = $2 WHERE "users"."id" = $3[0m  [["session_token", "[FILTERED]"], ["updated_at", "2023-02-24 19:29:41.857654"], ["id", 5]]
  ↳ app/models/user.rb:58:in `reset_session_token!'
  [1m[36mTRANSACTION (0.6ms)[0m  [1m[35mCOMMIT[0m
  ↳ app/models/user.rb:58:in `reset_session_token!'
Redirected to http://localhost:3000/session/new
Completed 302 Found in 12ms (ActiveRecord: 2.4ms | Allocations: 4783)


Started GET "/session/new" for 127.0.0.1 at 2023-02-24 14:29:41 -0500
Processing by SessionsController#new as HTML
  Rendering layout layouts/application.html.erb
  Rendering sessions/new.html.erb within layouts/application
  Rendered sessions/new.html.erb within layouts/application (Duration: 0.7ms | Allocations: 306)
  [1m[36mUser Load (0.3ms)[0m  [1m[34mSELECT "users".* FROM "users" WHERE "users"."session_token" IS NULL LIMIT $1[0m  [["LIMIT", 1]]
  ↳ app/controllers/application_controller.rb:8:in `current_user'
  Rendered layout layouts/application.html.erb (Duration: 6.4ms | Allocations: 1977)
Completed 200 OK in 7ms (Views: 6.7ms | ActiveRecord: 0.3ms | Allocations: 2196)


Started POST "/session" for 127.0.0.1 at 2023-02-24 14:29:48 -0500
Processing by SessionsController#create as HTML
  Parameters: {"authenticity_token"=>"[FILTERED]", "user"=>{"username"=>"dan3", "password"=>"[FILTERED]"}}
  [1m[36mUser Load (0.3ms)[0m  [1m[34mSELECT "users".* FROM "users" WHERE "users"."username" = $1 LIMIT $2[0m  [["username", "dan3"], ["LIMIT", 1]]
  ↳ app/models/user.rb:26:in `find_by_credentials'
  [1m[36mUser Exists? (0.4ms)[0m  [1m[34mSELECT 1 AS one FROM "users" WHERE "users"."session_token" = $1 LIMIT $2[0m  [["session_token", "[FILTERED]"], ["LIMIT", 1]]
  ↳ app/models/user.rb:41:in `generate_unique_session_token'
  [1m[36mTRANSACTION (0.4ms)[0m  [1m[35mBEGIN[0m
  ↳ app/models/user.rb:58:in `reset_session_token!'
  [1m[36mUser Exists? (0.5ms)[0m  [1m[34mSELECT 1 AS one FROM "users" WHERE "users"."username" = $1 AND "users"."id" != $2 LIMIT $3[0m  [["username", "dan3"], ["id", 5], ["LIMIT", 1]]
  ↳ app/models/user.rb:58:in `reset_session_token!'
  [1m[36mUser Exists? (0.4ms)[0m  [1m[34mSELECT 1 AS one FROM "users" WHERE "users"."session_token" = $1 AND "users"."id" != $2 LIMIT $3[0m  [["session_token", "[FILTERED]"], ["id", 5], ["LIMIT", 1]]
  ↳ app/models/user.rb:58:in `reset_session_token!'
  [1m[36mUser Update (0.5ms)[0m  [1m[33mUPDATE "users" SET "session_token" = $1, "updated_at" = $2 WHERE "users"."id" = $3[0m  [["session_token", "[FILTERED]"], ["updated_at", "2023-02-24 19:29:48.895640"], ["id", 5]]
  ↳ app/models/user.rb:58:in `reset_session_token!'
  [1m[36mTRANSACTION (0.7ms)[0m  [1m[35mCOMMIT[0m
  ↳ app/models/user.rb:58:in `reset_session_token!'
Redirected to http://localhost:3000/users/5
Completed 302 Found in 213ms (ActiveRecord: 3.1ms | Allocations: 4804)


Started GET "/users/5" for 127.0.0.1 at 2023-02-24 14:29:48 -0500
Processing by UsersController#show as HTML
  Parameters: {"id"=>"5"}
  [1m[36mUser Load (0.2ms)[0m  [1m[34mSELECT "users".* FROM "users" WHERE "users"."id" = $1 LIMIT $2[0m  [["id", 5], ["LIMIT", 1]]
  ↳ app/controllers/users_controller.rb:32:in `show'
  Rendering layout layouts/application.html.erb
  Rendering users/show.html.erb within layouts/application
  Rendered users/show.html.erb within layouts/application (Duration: 0.1ms | Allocations: 10)
  [1m[36mUser Load (0.3ms)[0m  [1m[34mSELECT "users".* FROM "users" WHERE "users"."session_token" = $1 LIMIT $2[0m  [["session_token", "[FILTERED]"], ["LIMIT", 1]]
  ↳ app/controllers/application_controller.rb:8:in `current_user'
  Rendered layout layouts/application.html.erb (Duration: 3.4ms | Allocations: 1784)
Completed 200 OK in 5ms (Views: 3.6ms | ActiveRecord: 0.5ms | Allocations: 2479)


